2024-03-01 08:12:03 INFO  Server started on port 8080
2024-03-01 08:15:44 INFO  User alice@example.com logged in
2024-03-01 08:22:11 INFO  User bob@example.com logged in
2024-03-01 09:01:05 WARN  High memory usage detected: 82%
2024-03-01 09:15:33 ERROR Database connection timeout after 30s
2024-03-01 09:15:34 INFO  Retrying database connection (attempt 1/3)
2024-03-01 09:15:36 INFO  Database connection restored
2024-03-01 10:03:22 INFO  User carol@example.com logged in
2024-03-01 10:45:07 ERROR Failed to process payment for order #1042: gateway timeout
2024-03-01 11:00:00 INFO  Scheduled job: daily report generated
2024-03-01 11:32:18 WARN  Slow query detected (2.4s): SELECT * FROM orders WHERE status='pending'
2024-03-01 12:00:01 INFO  Health check passed
2024-03-01 13:17:45 ERROR Unhandled exception in /api/checkout: NullPointerException
2024-03-01 13:17:46 INFO  Error reported to Sentry (event_id: a3f92c)
2024-03-01 14:05:30 INFO  User david@example.com logged in
2024-03-01 15:22:09 WARN  Rate limit reached for IP 203.0.113.42
2024-03-01 16:00:00 INFO  Health check passed
2024-03-01 17:48:55 INFO  User alice@example.com logged out
2024-03-01 18:00:01 INFO  Scheduled job: cache invalidated
2024-03-01 23:59:59 INFO  Daily active users: 4
